{"/home/drew/Documents/Apps/Urahrah/app/assets/FirebaseConfig.js": {"path":"/home/drew/Documents/Apps/Urahrah/app/assets/FirebaseConfig.js","statementMap":{"0":{"start":{"line":1,"column":30},"end":{"line":9,"column":3}}},"fnMap":{},"branchMap":{},"s":{"0":2},"f":{},"b":{},"_coverageSchema":"1a1c01bbd47fc00a2c39e90264f33305004495a9","hash":"caf907f008a0e50c0ff304b8560338e01c2cabac"}
,"/home/drew/Documents/Apps/Urahrah/app/controllers/signup/student/StudentSignupController.js": {"path":"/home/drew/Documents/Apps/Urahrah/app/controllers/signup/student/StudentSignupController.js","statementMap":{"0":{"start":{"line":6,"column":14},"end":{"line":6,"column":27}},"1":{"start":{"line":8,"column":22},"end":{"line":8,"column":26}},"2":{"start":{"line":11,"column":8},"end":{"line":14,"column":9}},"3":{"start":{"line":12,"column":12},"end":{"line":12,"column":43}},"4":{"start":{"line":13,"column":12},"end":{"line":13,"column":24}},"5":{"start":{"line":16,"column":8},"end":{"line":16,"column":21}},"6":{"start":{"line":20,"column":8},"end":{"line":20,"column":45}},"7":{"start":{"line":24,"column":8},"end":{"line":27,"column":9}},"8":{"start":{"line":25,"column":12},"end":{"line":25,"column":43}},"9":{"start":{"line":26,"column":12},"end":{"line":26,"column":24}},"10":{"start":{"line":29,"column":8},"end":{"line":29,"column":21}},"11":{"start":{"line":33,"column":8},"end":{"line":36,"column":9}},"12":{"start":{"line":34,"column":12},"end":{"line":34,"column":49}},"13":{"start":{"line":35,"column":12},"end":{"line":35,"column":24}},"14":{"start":{"line":38,"column":8},"end":{"line":38,"column":21}},"15":{"start":{"line":42,"column":8},"end":{"line":45,"column":9}},"16":{"start":{"line":43,"column":12},"end":{"line":43,"column":45}},"17":{"start":{"line":44,"column":12},"end":{"line":44,"column":24}},"18":{"start":{"line":47,"column":8},"end":{"line":47,"column":21}},"19":{"start":{"line":51,"column":8},"end":{"line":54,"column":9}},"20":{"start":{"line":52,"column":12},"end":{"line":52,"column":50}},"21":{"start":{"line":53,"column":12},"end":{"line":53,"column":24}},"22":{"start":{"line":56,"column":8},"end":{"line":56,"column":21}},"23":{"start":{"line":60,"column":8},"end":{"line":63,"column":9}},"24":{"start":{"line":61,"column":12},"end":{"line":61,"column":47}},"25":{"start":{"line":62,"column":12},"end":{"line":62,"column":24}},"26":{"start":{"line":65,"column":8},"end":{"line":65,"column":21}},"27":{"start":{"line":69,"column":8},"end":{"line":69,"column":54}},"28":{"start":{"line":73,"column":29},"end":{"line":73,"column":71}},"29":{"start":{"line":74,"column":8},"end":{"line":74,"column":41}},"30":{"start":{"line":78,"column":24},"end":{"line":78,"column":38}},"31":{"start":{"line":79,"column":8},"end":{"line":79,"column":36}},"32":{"start":{"line":83,"column":26},"end":{"line":83,"column":42}},"33":{"start":{"line":84,"column":8},"end":{"line":88,"column":9}},"34":{"start":{"line":86,"column":12},"end":{"line":86,"column":41}},"35":{"start":{"line":87,"column":12},"end":{"line":87,"column":24}},"36":{"start":{"line":89,"column":8},"end":{"line":89,"column":21}},"37":{"start":{"line":93,"column":7},"end":{"line":103,"column":8}},"38":{"start":{"line":94,"column":7},"end":{"line":101,"column":8}},"39":{"start":{"line":96,"column":16},"end":{"line":96,"column":48}},"40":{"start":{"line":97,"column":16},"end":{"line":97,"column":22}},"41":{"start":{"line":99,"column":16},"end":{"line":99,"column":47}},"42":{"start":{"line":100,"column":16},"end":{"line":100,"column":22}},"43":{"start":{"line":102,"column":12},"end":{"line":102,"column":24}},"44":{"start":{"line":105,"column":7},"end":{"line":105,"column":20}},"45":{"start":{"line":109,"column":8},"end":{"line":109,"column":42}},"46":{"start":{"line":113,"column":8},"end":{"line":113,"column":31}},"47":{"start":{"line":117,"column":8},"end":{"line":119,"column":9}},"48":{"start":{"line":118,"column":12},"end":{"line":118,"column":58}},"49":{"start":{"line":121,"column":8},"end":{"line":121,"column":29}}},"fnMap":{"0":{"name":"(anonymous_0)","decl":{"start":{"line":10,"column":4},"end":{"line":10,"column":5}},"loc":{"start":{"line":10,"column":24},"end":{"line":17,"column":5}},"line":10},"1":{"name":"(anonymous_1)","decl":{"start":{"line":19,"column":4},"end":{"line":19,"column":5}},"loc":{"start":{"line":19,"column":27},"end":{"line":21,"column":5}},"line":19},"2":{"name":"(anonymous_2)","decl":{"start":{"line":23,"column":4},"end":{"line":23,"column":5}},"loc":{"start":{"line":23,"column":24},"end":{"line":30,"column":5}},"line":23},"3":{"name":"(anonymous_3)","decl":{"start":{"line":32,"column":4},"end":{"line":32,"column":5}},"loc":{"start":{"line":32,"column":30},"end":{"line":39,"column":5}},"line":32},"4":{"name":"(anonymous_4)","decl":{"start":{"line":41,"column":4},"end":{"line":41,"column":5}},"loc":{"start":{"line":41,"column":26},"end":{"line":48,"column":5}},"line":41},"5":{"name":"(anonymous_5)","decl":{"start":{"line":50,"column":4},"end":{"line":50,"column":5}},"loc":{"start":{"line":50,"column":31},"end":{"line":57,"column":5}},"line":50},"6":{"name":"(anonymous_6)","decl":{"start":{"line":59,"column":4},"end":{"line":59,"column":5}},"loc":{"start":{"line":59,"column":28},"end":{"line":66,"column":5}},"line":59},"7":{"name":"(anonymous_7)","decl":{"start":{"line":68,"column":4},"end":{"line":68,"column":5}},"loc":{"start":{"line":68,"column":29},"end":{"line":70,"column":5}},"line":68},"8":{"name":"(anonymous_8)","decl":{"start":{"line":72,"column":4},"end":{"line":72,"column":5}},"loc":{"start":{"line":72,"column":32},"end":{"line":75,"column":5}},"line":72},"9":{"name":"(anonymous_9)","decl":{"start":{"line":77,"column":4},"end":{"line":77,"column":5}},"loc":{"start":{"line":77,"column":26},"end":{"line":80,"column":5}},"line":77},"10":{"name":"(anonymous_10)","decl":{"start":{"line":82,"column":4},"end":{"line":82,"column":5}},"loc":{"start":{"line":82,"column":22},"end":{"line":90,"column":5}},"line":82},"11":{"name":"(anonymous_11)","decl":{"start":{"line":92,"column":4},"end":{"line":92,"column":5}},"loc":{"start":{"line":92,"column":26},"end":{"line":106,"column":5}},"line":92},"12":{"name":"(anonymous_12)","decl":{"start":{"line":108,"column":4},"end":{"line":108,"column":5}},"loc":{"start":{"line":108,"column":24},"end":{"line":110,"column":5}},"line":108},"13":{"name":"(anonymous_13)","decl":{"start":{"line":112,"column":4},"end":{"line":112,"column":5}},"loc":{"start":{"line":112,"column":13},"end":{"line":114,"column":5}},"line":112},"14":{"name":"(anonymous_14)","decl":{"start":{"line":116,"column":4},"end":{"line":116,"column":5}},"loc":{"start":{"line":116,"column":24},"end":{"line":122,"column":5}},"line":116}},"branchMap":{"0":{"loc":{"start":{"line":11,"column":8},"end":{"line":14,"column":9}},"type":"if","locations":[{"start":{"line":11,"column":8},"end":{"line":14,"column":9}},{"start":{},"end":{}}],"line":11},"1":{"loc":{"start":{"line":24,"column":8},"end":{"line":27,"column":9}},"type":"if","locations":[{"start":{"line":24,"column":8},"end":{"line":27,"column":9}},{"start":{},"end":{}}],"line":24},"2":{"loc":{"start":{"line":33,"column":8},"end":{"line":36,"column":9}},"type":"if","locations":[{"start":{"line":33,"column":8},"end":{"line":36,"column":9}},{"start":{},"end":{}}],"line":33},"3":{"loc":{"start":{"line":42,"column":8},"end":{"line":45,"column":9}},"type":"if","locations":[{"start":{"line":42,"column":8},"end":{"line":45,"column":9}},{"start":{},"end":{}}],"line":42},"4":{"loc":{"start":{"line":51,"column":8},"end":{"line":54,"column":9}},"type":"if","locations":[{"start":{"line":51,"column":8},"end":{"line":54,"column":9}},{"start":{},"end":{}}],"line":51},"5":{"loc":{"start":{"line":60,"column":8},"end":{"line":63,"column":9}},"type":"if","locations":[{"start":{"line":60,"column":8},"end":{"line":63,"column":9}},{"start":{},"end":{}}],"line":60},"6":{"loc":{"start":{"line":60,"column":12},"end":{"line":60,"column":104}},"type":"binary-expr","locations":[{"start":{"line":60,"column":12},"end":{"line":60,"column":32}},{"start":{"line":60,"column":36},"end":{"line":60,"column":71}},{"start":{"line":60,"column":75},"end":{"line":60,"column":104}}],"line":60},"7":{"loc":{"start":{"line":84,"column":8},"end":{"line":88,"column":9}},"type":"if","locations":[{"start":{"line":84,"column":8},"end":{"line":88,"column":9}},{"start":{},"end":{}}],"line":84},"8":{"loc":{"start":{"line":84,"column":12},"end":{"line":85,"column":86}},"type":"binary-expr","locations":[{"start":{"line":84,"column":12},"end":{"line":84,"column":31}},{"start":{"line":85,"column":13},"end":{"line":85,"column":35}},{"start":{"line":85,"column":39},"end":{"line":85,"column":85}}],"line":84},"9":{"loc":{"start":{"line":93,"column":7},"end":{"line":103,"column":8}},"type":"if","locations":[{"start":{"line":93,"column":7},"end":{"line":103,"column":8}},{"start":{},"end":{}}],"line":93},"10":{"loc":{"start":{"line":94,"column":7},"end":{"line":101,"column":8}},"type":"switch","locations":[{"start":{"line":95,"column":12},"end":{"line":97,"column":22}},{"start":{"line":98,"column":12},"end":{"line":100,"column":22}}],"line":94},"11":{"loc":{"start":{"line":117,"column":8},"end":{"line":119,"column":9}},"type":"if","locations":[{"start":{"line":117,"column":8},"end":{"line":119,"column":9}},{"start":{},"end":{}}],"line":117}},"s":{"0":1,"1":1,"2":2,"3":1,"4":1,"5":1,"6":0,"7":2,"8":1,"9":1,"10":1,"11":2,"12":1,"13":1,"14":1,"15":2,"16":1,"17":1,"18":1,"19":2,"20":1,"21":1,"22":1,"23":4,"24":3,"25":3,"26":1,"27":2,"28":6,"29":6,"30":5,"31":5,"32":2,"33":2,"34":1,"35":1,"36":1,"37":3,"38":2,"39":1,"40":1,"41":1,"42":1,"43":2,"44":1,"45":0,"46":0,"47":25,"48":1,"49":25},"f":{"0":2,"1":0,"2":2,"3":2,"4":2,"5":2,"6":4,"7":2,"8":6,"9":5,"10":2,"11":3,"12":0,"13":0,"14":25},"b":{"0":[1,1],"1":[1,1],"2":[1,1],"3":[1,1],"4":[1,1],"5":[3,1],"6":[4,4,3],"7":[1,1],"8":[2,1,1],"9":[2,1],"10":[1,1],"11":[1,24]},"_coverageSchema":"1a1c01bbd47fc00a2c39e90264f33305004495a9","hash":"b092ecf00e3a840ea872324a9b7c54a97bf43dde"}
,"/home/drew/Documents/Apps/Urahrah/app/enums/EnrollmentType.js": {"path":"/home/drew/Documents/Apps/Urahrah/app/enums/EnrollmentType.js","statementMap":{"0":{"start":{"line":1,"column":23},"end":{"line":6,"column":1}},"1":{"start":{"line":8,"column":0},"end":{"line":8,"column":30}}},"fnMap":{},"branchMap":{},"s":{"0":1,"1":1},"f":{},"b":{},"_coverageSchema":"1a1c01bbd47fc00a2c39e90264f33305004495a9","hash":"99bffb35f81e272ddc605b0f29abc5b0648b8952"}
,"/home/drew/Documents/Apps/Urahrah/app/enums/NameType.js": {"path":"/home/drew/Documents/Apps/Urahrah/app/enums/NameType.js","statementMap":{"0":{"start":{"line":1,"column":17},"end":{"line":4,"column":1}},"1":{"start":{"line":6,"column":0},"end":{"line":6,"column":24}}},"fnMap":{},"branchMap":{},"s":{"0":1,"1":1},"f":{},"b":{},"_coverageSchema":"1a1c01bbd47fc00a2c39e90264f33305004495a9","hash":"e1ce152ace5ccfaafe906759c2bf6cb9c3f2bb9b"}
,"/home/drew/Documents/Apps/Urahrah/app/models/Student.js": {"path":"/home/drew/Documents/Apps/Urahrah/app/models/Student.js","statementMap":{"0":{"start":{"line":8,"column":12},"end":{"line":8,"column":41}},"1":{"start":{"line":10,"column":11},"end":{"line":10,"column":25}},"2":{"start":{"line":25,"column":8},"end":{"line":25,"column":29}},"3":{"start":{"line":29,"column":8},"end":{"line":29,"column":29}},"4":{"start":{"line":33,"column":8},"end":{"line":33,"column":27}},"5":{"start":{"line":37,"column":8},"end":{"line":37,"column":26}},"6":{"start":{"line":41,"column":8},"end":{"line":41,"column":35}},"7":{"start":{"line":45,"column":8},"end":{"line":45,"column":35}},"8":{"start":{"line":49,"column":8},"end":{"line":49,"column":30}},"9":{"start":{"line":53,"column":8},"end":{"line":53,"column":30}},"10":{"start":{"line":57,"column":8},"end":{"line":57,"column":29}},"11":{"start":{"line":61,"column":8},"end":{"line":61,"column":27}},"12":{"start":{"line":65,"column":8},"end":{"line":65,"column":35}},"13":{"start":{"line":69,"column":8},"end":{"line":69,"column":35}},"14":{"start":{"line":73,"column":8},"end":{"line":73,"column":29}},"15":{"start":{"line":77,"column":8},"end":{"line":77,"column":29}},"16":{"start":{"line":81,"column":8},"end":{"line":81,"column":36}},"17":{"start":{"line":85,"column":8},"end":{"line":85,"column":33}},"18":{"start":{"line":89,"column":8},"end":{"line":89,"column":33}},"19":{"start":{"line":93,"column":8},"end":{"line":93,"column":29}},"20":{"start":{"line":97,"column":8},"end":{"line":97,"column":33}},"21":{"start":{"line":101,"column":8},"end":{"line":101,"column":31}},"22":{"start":{"line":105,"column":21},"end":{"line":105,"column":30}},"23":{"start":{"line":106,"column":8},"end":{"line":126,"column":11}},"24":{"start":{"line":108,"column":12},"end":{"line":108,"column":52}},"25":{"start":{"line":109,"column":12},"end":{"line":109,"column":25}},"26":{"start":{"line":110,"column":12},"end":{"line":110,"column":56}},"27":{"start":{"line":111,"column":12},"end":{"line":111,"column":24}},"28":{"start":{"line":114,"column":12},"end":{"line":118,"column":13}},"29":{"start":{"line":115,"column":16},"end":{"line":115,"column":44}},"30":{"start":{"line":116,"column":16},"end":{"line":116,"column":108}},"31":{"start":{"line":117,"column":16},"end":{"line":117,"column":29}},"32":{"start":{"line":120,"column":12},"end":{"line":123,"column":13}},"33":{"start":{"line":121,"column":16},"end":{"line":121,"column":45}},"34":{"start":{"line":122,"column":16},"end":{"line":122,"column":29}},"35":{"start":{"line":125,"column":12},"end":{"line":125,"column":33}}},"fnMap":{"0":{"name":"(anonymous_0)","decl":{"start":{"line":24,"column":4},"end":{"line":24,"column":5}},"loc":{"start":{"line":24,"column":21},"end":{"line":26,"column":5}},"line":24},"1":{"name":"(anonymous_1)","decl":{"start":{"line":28,"column":4},"end":{"line":28,"column":5}},"loc":{"start":{"line":28,"column":17},"end":{"line":30,"column":5}},"line":28},"2":{"name":"(anonymous_2)","decl":{"start":{"line":32,"column":4},"end":{"line":32,"column":5}},"loc":{"start":{"line":32,"column":19},"end":{"line":34,"column":5}},"line":32},"3":{"name":"(anonymous_3)","decl":{"start":{"line":36,"column":4},"end":{"line":36,"column":5}},"loc":{"start":{"line":36,"column":14},"end":{"line":38,"column":5}},"line":36},"4":{"name":"(anonymous_4)","decl":{"start":{"line":40,"column":4},"end":{"line":40,"column":5}},"loc":{"start":{"line":40,"column":27},"end":{"line":42,"column":5}},"line":40},"5":{"name":"(anonymous_5)","decl":{"start":{"line":44,"column":4},"end":{"line":44,"column":5}},"loc":{"start":{"line":44,"column":23},"end":{"line":46,"column":5}},"line":44},"6":{"name":"(anonymous_6)","decl":{"start":{"line":48,"column":4},"end":{"line":48,"column":5}},"loc":{"start":{"line":48,"column":22},"end":{"line":50,"column":5}},"line":48},"7":{"name":"(anonymous_7)","decl":{"start":{"line":52,"column":4},"end":{"line":52,"column":5}},"loc":{"start":{"line":52,"column":18},"end":{"line":54,"column":5}},"line":52},"8":{"name":"(anonymous_8)","decl":{"start":{"line":56,"column":4},"end":{"line":56,"column":5}},"loc":{"start":{"line":56,"column":21},"end":{"line":58,"column":5}},"line":56},"9":{"name":"(anonymous_9)","decl":{"start":{"line":60,"column":4},"end":{"line":60,"column":5}},"loc":{"start":{"line":60,"column":15},"end":{"line":62,"column":5}},"line":60},"10":{"name":"(anonymous_10)","decl":{"start":{"line":64,"column":4},"end":{"line":64,"column":5}},"loc":{"start":{"line":64,"column":27},"end":{"line":66,"column":5}},"line":64},"11":{"name":"(anonymous_11)","decl":{"start":{"line":68,"column":4},"end":{"line":68,"column":5}},"loc":{"start":{"line":68,"column":23},"end":{"line":70,"column":5}},"line":68},"12":{"name":"(anonymous_12)","decl":{"start":{"line":72,"column":4},"end":{"line":72,"column":5}},"loc":{"start":{"line":72,"column":21},"end":{"line":74,"column":5}},"line":72},"13":{"name":"(anonymous_13)","decl":{"start":{"line":76,"column":4},"end":{"line":76,"column":5}},"loc":{"start":{"line":76,"column":17},"end":{"line":78,"column":5}},"line":76},"14":{"name":"(anonymous_14)","decl":{"start":{"line":80,"column":4},"end":{"line":80,"column":5}},"loc":{"start":{"line":80,"column":28},"end":{"line":82,"column":5}},"line":80},"15":{"name":"(anonymous_15)","decl":{"start":{"line":84,"column":4},"end":{"line":84,"column":5}},"loc":{"start":{"line":84,"column":21},"end":{"line":86,"column":5}},"line":84},"16":{"name":"(anonymous_16)","decl":{"start":{"line":88,"column":4},"end":{"line":88,"column":5}},"loc":{"start":{"line":88,"column":25},"end":{"line":90,"column":5}},"line":88},"17":{"name":"(anonymous_17)","decl":{"start":{"line":92,"column":4},"end":{"line":92,"column":5}},"loc":{"start":{"line":92,"column":17},"end":{"line":94,"column":5}},"line":92},"18":{"name":"(anonymous_18)","decl":{"start":{"line":96,"column":4},"end":{"line":96,"column":5}},"loc":{"start":{"line":96,"column":25},"end":{"line":98,"column":5}},"line":96},"19":{"name":"(anonymous_19)","decl":{"start":{"line":100,"column":4},"end":{"line":100,"column":5}},"loc":{"start":{"line":100,"column":19},"end":{"line":102,"column":5}},"line":100},"20":{"name":"(anonymous_20)","decl":{"start":{"line":104,"column":4},"end":{"line":104,"column":5}},"loc":{"start":{"line":104,"column":24},"end":{"line":127,"column":5}},"line":104},"21":{"name":"(anonymous_21)","decl":{"start":{"line":107,"column":14},"end":{"line":107,"column":15}},"loc":{"start":{"line":107,"column":34},"end":{"line":112,"column":9}},"line":107},"22":{"name":"(anonymous_22)","decl":{"start":{"line":113,"column":15},"end":{"line":113,"column":16}},"loc":{"start":{"line":113,"column":24},"end":{"line":126,"column":9}},"line":113}},"branchMap":{"0":{"loc":{"start":{"line":114,"column":12},"end":{"line":118,"column":13}},"type":"if","locations":[{"start":{"line":114,"column":12},"end":{"line":118,"column":13}},{"start":{},"end":{}}],"line":114},"1":{"loc":{"start":{"line":120,"column":12},"end":{"line":123,"column":13}},"type":"if","locations":[{"start":{"line":120,"column":12},"end":{"line":123,"column":13}},{"start":{},"end":{}}],"line":120}},"s":{"0":2,"1":2,"2":2,"3":1,"4":2,"5":1,"6":1,"7":1,"8":2,"9":1,"10":2,"11":1,"12":2,"13":1,"14":2,"15":1,"16":2,"17":1,"18":4,"19":3,"20":2,"21":1,"22":0,"23":0,"24":0,"25":0,"26":0,"27":0,"28":0,"29":0,"30":0,"31":0,"32":0,"33":0,"34":0,"35":0},"f":{"0":2,"1":1,"2":2,"3":1,"4":1,"5":1,"6":2,"7":1,"8":2,"9":1,"10":2,"11":1,"12":2,"13":1,"14":2,"15":1,"16":4,"17":3,"18":2,"19":1,"20":0,"21":0,"22":0},"b":{"0":[0,0],"1":[0,0]},"_coverageSchema":"1a1c01bbd47fc00a2c39e90264f33305004495a9","hash":"f2c9f13f38c39a062dc5249cf1ba3a80893bc286"}
}
