{"/home/drew/Documents/Apps/Urahrah/app/assets/FirebaseConfig.js": {"path":"/home/drew/Documents/Apps/Urahrah/app/assets/FirebaseConfig.js","statementMap":{"0":{"start":{"line":1,"column":30},"end":{"line":9,"column":3}}},"fnMap":{},"branchMap":{},"s":{"0":3},"f":{},"b":{},"_coverageSchema":"1a1c01bbd47fc00a2c39e90264f33305004495a9","hash":"caf907f008a0e50c0ff304b8560338e01c2cabac"}
,"/home/drew/Documents/Apps/Urahrah/app/controllers/signup/student/StudentSignupController.js": {"path":"/home/drew/Documents/Apps/Urahrah/app/controllers/signup/student/StudentSignupController.js","statementMap":{"0":{"start":{"line":6,"column":14},"end":{"line":6,"column":27}},"1":{"start":{"line":8,"column":22},"end":{"line":8,"column":26}},"2":{"start":{"line":11,"column":8},"end":{"line":14,"column":9}},"3":{"start":{"line":12,"column":12},"end":{"line":12,"column":43}},"4":{"start":{"line":13,"column":12},"end":{"line":13,"column":24}},"5":{"start":{"line":16,"column":8},"end":{"line":16,"column":21}},"6":{"start":{"line":20,"column":8},"end":{"line":20,"column":45}},"7":{"start":{"line":24,"column":8},"end":{"line":27,"column":9}},"8":{"start":{"line":25,"column":12},"end":{"line":25,"column":43}},"9":{"start":{"line":26,"column":12},"end":{"line":26,"column":24}},"10":{"start":{"line":29,"column":8},"end":{"line":29,"column":21}},"11":{"start":{"line":33,"column":8},"end":{"line":36,"column":9}},"12":{"start":{"line":34,"column":12},"end":{"line":34,"column":49}},"13":{"start":{"line":35,"column":12},"end":{"line":35,"column":24}},"14":{"start":{"line":38,"column":8},"end":{"line":38,"column":21}},"15":{"start":{"line":42,"column":8},"end":{"line":45,"column":9}},"16":{"start":{"line":43,"column":12},"end":{"line":43,"column":45}},"17":{"start":{"line":44,"column":12},"end":{"line":44,"column":24}},"18":{"start":{"line":47,"column":8},"end":{"line":47,"column":21}},"19":{"start":{"line":51,"column":8},"end":{"line":54,"column":9}},"20":{"start":{"line":52,"column":12},"end":{"line":52,"column":50}},"21":{"start":{"line":53,"column":12},"end":{"line":53,"column":24}},"22":{"start":{"line":56,"column":8},"end":{"line":56,"column":21}},"23":{"start":{"line":60,"column":8},"end":{"line":63,"column":9}},"24":{"start":{"line":61,"column":12},"end":{"line":61,"column":47}},"25":{"start":{"line":62,"column":12},"end":{"line":62,"column":24}},"26":{"start":{"line":65,"column":8},"end":{"line":65,"column":21}},"27":{"start":{"line":69,"column":8},"end":{"line":69,"column":54}},"28":{"start":{"line":73,"column":29},"end":{"line":73,"column":71}},"29":{"start":{"line":74,"column":8},"end":{"line":74,"column":41}},"30":{"start":{"line":78,"column":24},"end":{"line":78,"column":38}},"31":{"start":{"line":79,"column":8},"end":{"line":79,"column":36}},"32":{"start":{"line":83,"column":26},"end":{"line":83,"column":42}},"33":{"start":{"line":84,"column":8},"end":{"line":88,"column":9}},"34":{"start":{"line":86,"column":12},"end":{"line":86,"column":41}},"35":{"start":{"line":87,"column":12},"end":{"line":87,"column":24}},"36":{"start":{"line":89,"column":8},"end":{"line":89,"column":21}},"37":{"start":{"line":93,"column":7},"end":{"line":103,"column":8}},"38":{"start":{"line":94,"column":7},"end":{"line":101,"column":8}},"39":{"start":{"line":96,"column":16},"end":{"line":96,"column":48}},"40":{"start":{"line":97,"column":16},"end":{"line":97,"column":22}},"41":{"start":{"line":99,"column":16},"end":{"line":99,"column":47}},"42":{"start":{"line":100,"column":16},"end":{"line":100,"column":22}},"43":{"start":{"line":102,"column":12},"end":{"line":102,"column":24}},"44":{"start":{"line":105,"column":7},"end":{"line":105,"column":20}},"45":{"start":{"line":109,"column":8},"end":{"line":109,"column":42}},"46":{"start":{"line":113,"column":8},"end":{"line":113,"column":31}},"47":{"start":{"line":117,"column":8},"end":{"line":119,"column":9}},"48":{"start":{"line":118,"column":12},"end":{"line":118,"column":58}},"49":{"start":{"line":121,"column":8},"end":{"line":121,"column":29}}},"fnMap":{"0":{"name":"(anonymous_0)","decl":{"start":{"line":10,"column":4},"end":{"line":10,"column":5}},"loc":{"start":{"line":10,"column":24},"end":{"line":17,"column":5}},"line":10},"1":{"name":"(anonymous_1)","decl":{"start":{"line":19,"column":4},"end":{"line":19,"column":5}},"loc":{"start":{"line":19,"column":27},"end":{"line":21,"column":5}},"line":19},"2":{"name":"(anonymous_2)","decl":{"start":{"line":23,"column":4},"end":{"line":23,"column":5}},"loc":{"start":{"line":23,"column":24},"end":{"line":30,"column":5}},"line":23},"3":{"name":"(anonymous_3)","decl":{"start":{"line":32,"column":4},"end":{"line":32,"column":5}},"loc":{"start":{"line":32,"column":30},"end":{"line":39,"column":5}},"line":32},"4":{"name":"(anonymous_4)","decl":{"start":{"line":41,"column":4},"end":{"line":41,"column":5}},"loc":{"start":{"line":41,"column":26},"end":{"line":48,"column":5}},"line":41},"5":{"name":"(anonymous_5)","decl":{"start":{"line":50,"column":4},"end":{"line":50,"column":5}},"loc":{"start":{"line":50,"column":31},"end":{"line":57,"column":5}},"line":50},"6":{"name":"(anonymous_6)","decl":{"start":{"line":59,"column":4},"end":{"line":59,"column":5}},"loc":{"start":{"line":59,"column":28},"end":{"line":66,"column":5}},"line":59},"7":{"name":"(anonymous_7)","decl":{"start":{"line":68,"column":4},"end":{"line":68,"column":5}},"loc":{"start":{"line":68,"column":29},"end":{"line":70,"column":5}},"line":68},"8":{"name":"(anonymous_8)","decl":{"start":{"line":72,"column":4},"end":{"line":72,"column":5}},"loc":{"start":{"line":72,"column":32},"end":{"line":75,"column":5}},"line":72},"9":{"name":"(anonymous_9)","decl":{"start":{"line":77,"column":4},"end":{"line":77,"column":5}},"loc":{"start":{"line":77,"column":26},"end":{"line":80,"column":5}},"line":77},"10":{"name":"(anonymous_10)","decl":{"start":{"line":82,"column":4},"end":{"line":82,"column":5}},"loc":{"start":{"line":82,"column":22},"end":{"line":90,"column":5}},"line":82},"11":{"name":"(anonymous_11)","decl":{"start":{"line":92,"column":4},"end":{"line":92,"column":5}},"loc":{"start":{"line":92,"column":26},"end":{"line":106,"column":5}},"line":92},"12":{"name":"(anonymous_12)","decl":{"start":{"line":108,"column":4},"end":{"line":108,"column":5}},"loc":{"start":{"line":108,"column":24},"end":{"line":110,"column":5}},"line":108},"13":{"name":"(anonymous_13)","decl":{"start":{"line":112,"column":4},"end":{"line":112,"column":5}},"loc":{"start":{"line":112,"column":13},"end":{"line":114,"column":5}},"line":112},"14":{"name":"(anonymous_14)","decl":{"start":{"line":116,"column":4},"end":{"line":116,"column":5}},"loc":{"start":{"line":116,"column":24},"end":{"line":122,"column":5}},"line":116}},"branchMap":{"0":{"loc":{"start":{"line":11,"column":8},"end":{"line":14,"column":9}},"type":"if","locations":[{"start":{"line":11,"column":8},"end":{"line":14,"column":9}},{"start":{},"end":{}}],"line":11},"1":{"loc":{"start":{"line":24,"column":8},"end":{"line":27,"column":9}},"type":"if","locations":[{"start":{"line":24,"column":8},"end":{"line":27,"column":9}},{"start":{},"end":{}}],"line":24},"2":{"loc":{"start":{"line":33,"column":8},"end":{"line":36,"column":9}},"type":"if","locations":[{"start":{"line":33,"column":8},"end":{"line":36,"column":9}},{"start":{},"end":{}}],"line":33},"3":{"loc":{"start":{"line":42,"column":8},"end":{"line":45,"column":9}},"type":"if","locations":[{"start":{"line":42,"column":8},"end":{"line":45,"column":9}},{"start":{},"end":{}}],"line":42},"4":{"loc":{"start":{"line":51,"column":8},"end":{"line":54,"column":9}},"type":"if","locations":[{"start":{"line":51,"column":8},"end":{"line":54,"column":9}},{"start":{},"end":{}}],"line":51},"5":{"loc":{"start":{"line":60,"column":8},"end":{"line":63,"column":9}},"type":"if","locations":[{"start":{"line":60,"column":8},"end":{"line":63,"column":9}},{"start":{},"end":{}}],"line":60},"6":{"loc":{"start":{"line":60,"column":12},"end":{"line":60,"column":104}},"type":"binary-expr","locations":[{"start":{"line":60,"column":12},"end":{"line":60,"column":32}},{"start":{"line":60,"column":36},"end":{"line":60,"column":71}},{"start":{"line":60,"column":75},"end":{"line":60,"column":104}}],"line":60},"7":{"loc":{"start":{"line":84,"column":8},"end":{"line":88,"column":9}},"type":"if","locations":[{"start":{"line":84,"column":8},"end":{"line":88,"column":9}},{"start":{},"end":{}}],"line":84},"8":{"loc":{"start":{"line":84,"column":12},"end":{"line":85,"column":86}},"type":"binary-expr","locations":[{"start":{"line":84,"column":12},"end":{"line":84,"column":31}},{"start":{"line":85,"column":13},"end":{"line":85,"column":35}},{"start":{"line":85,"column":39},"end":{"line":85,"column":85}}],"line":84},"9":{"loc":{"start":{"line":93,"column":7},"end":{"line":103,"column":8}},"type":"if","locations":[{"start":{"line":93,"column":7},"end":{"line":103,"column":8}},{"start":{},"end":{}}],"line":93},"10":{"loc":{"start":{"line":94,"column":7},"end":{"line":101,"column":8}},"type":"switch","locations":[{"start":{"line":95,"column":12},"end":{"line":97,"column":22}},{"start":{"line":98,"column":12},"end":{"line":100,"column":22}}],"line":94},"11":{"loc":{"start":{"line":117,"column":8},"end":{"line":119,"column":9}},"type":"if","locations":[{"start":{"line":117,"column":8},"end":{"line":119,"column":9}},{"start":{},"end":{}}],"line":117}},"s":{"0":1,"1":1,"2":2,"3":1,"4":1,"5":1,"6":0,"7":2,"8":1,"9":1,"10":1,"11":2,"12":1,"13":1,"14":1,"15":2,"16":1,"17":1,"18":1,"19":2,"20":1,"21":1,"22":1,"23":4,"24":3,"25":3,"26":1,"27":2,"28":6,"29":6,"30":5,"31":5,"32":2,"33":2,"34":1,"35":1,"36":1,"37":3,"38":2,"39":1,"40":1,"41":1,"42":1,"43":2,"44":1,"45":0,"46":0,"47":25,"48":1,"49":25},"f":{"0":2,"1":0,"2":2,"3":2,"4":2,"5":2,"6":4,"7":2,"8":6,"9":5,"10":2,"11":3,"12":0,"13":0,"14":25},"b":{"0":[1,1],"1":[1,1],"2":[1,1],"3":[1,1],"4":[1,1],"5":[3,1],"6":[4,4,3],"7":[1,1],"8":[2,1,1],"9":[2,1],"10":[1,1],"11":[1,24]},"_coverageSchema":"1a1c01bbd47fc00a2c39e90264f33305004495a9","hash":"b092ecf00e3a840ea872324a9b7c54a97bf43dde"}
,"/home/drew/Documents/Apps/Urahrah/app/enums/EnrollmentType.js": {"path":"/home/drew/Documents/Apps/Urahrah/app/enums/EnrollmentType.js","statementMap":{"0":{"start":{"line":1,"column":23},"end":{"line":6,"column":1}},"1":{"start":{"line":8,"column":0},"end":{"line":8,"column":30}}},"fnMap":{},"branchMap":{},"s":{"0":1,"1":1},"f":{},"b":{},"_coverageSchema":"1a1c01bbd47fc00a2c39e90264f33305004495a9","hash":"99bffb35f81e272ddc605b0f29abc5b0648b8952"}
,"/home/drew/Documents/Apps/Urahrah/app/enums/NameType.js": {"path":"/home/drew/Documents/Apps/Urahrah/app/enums/NameType.js","statementMap":{"0":{"start":{"line":1,"column":17},"end":{"line":4,"column":1}},"1":{"start":{"line":6,"column":0},"end":{"line":6,"column":24}}},"fnMap":{},"branchMap":{},"s":{"0":1,"1":1},"f":{},"b":{},"_coverageSchema":"1a1c01bbd47fc00a2c39e90264f33305004495a9","hash":"e1ce152ace5ccfaafe906759c2bf6cb9c3f2bb9b"}
,"/home/drew/Documents/Apps/Urahrah/app/models/Student.js": {"path":"/home/drew/Documents/Apps/Urahrah/app/models/Student.js","statementMap":{"0":{"start":{"line":8,"column":12},"end":{"line":8,"column":41}},"1":{"start":{"line":10,"column":11},"end":{"line":10,"column":25}},"2":{"start":{"line":23,"column":21},"end":{"line":23,"column":23}},"3":{"start":{"line":24,"column":17},"end":{"line":24,"column":19}},"4":{"start":{"line":27,"column":8},"end":{"line":27,"column":65}},"5":{"start":{"line":28,"column":8},"end":{"line":28,"column":41}},"6":{"start":{"line":32,"column":8},"end":{"line":32,"column":35}},"7":{"start":{"line":36,"column":8},"end":{"line":36,"column":57}},"8":{"start":{"line":40,"column":8},"end":{"line":40,"column":31}},"9":{"start":{"line":44,"column":8},"end":{"line":44,"column":26}},"10":{"start":{"line":48,"column":8},"end":{"line":48,"column":30}},"11":{"start":{"line":52,"column":8},"end":{"line":52,"column":30}},"12":{"start":{"line":56,"column":8},"end":{"line":56,"column":28}},"13":{"start":{"line":60,"column":8},"end":{"line":60,"column":27}},"14":{"start":{"line":64,"column":8},"end":{"line":64,"column":36}},"15":{"start":{"line":68,"column":8},"end":{"line":68,"column":36}},"16":{"start":{"line":72,"column":8},"end":{"line":72,"column":31}},"17":{"start":{"line":76,"column":8},"end":{"line":76,"column":31}},"18":{"start":{"line":80,"column":8},"end":{"line":80,"column":30}},"19":{"start":{"line":84,"column":8},"end":{"line":84,"column":28}},"20":{"start":{"line":88,"column":8},"end":{"line":88,"column":36}},"21":{"start":{"line":92,"column":8},"end":{"line":92,"column":36}},"22":{"start":{"line":96,"column":8},"end":{"line":96,"column":30}},"23":{"start":{"line":100,"column":8},"end":{"line":100,"column":30}},"24":{"start":{"line":104,"column":8},"end":{"line":104,"column":37}},"25":{"start":{"line":108,"column":8},"end":{"line":108,"column":34}},"26":{"start":{"line":112,"column":8},"end":{"line":112,"column":34}},"27":{"start":{"line":116,"column":8},"end":{"line":116,"column":30}},"28":{"start":{"line":120,"column":8},"end":{"line":120,"column":34}},"29":{"start":{"line":124,"column":8},"end":{"line":124,"column":32}},"30":{"start":{"line":128,"column":21},"end":{"line":128,"column":30}},"31":{"start":{"line":129,"column":8},"end":{"line":148,"column":11}},"32":{"start":{"line":131,"column":12},"end":{"line":131,"column":52}},"33":{"start":{"line":132,"column":12},"end":{"line":132,"column":44}},"34":{"start":{"line":133,"column":12},"end":{"line":133,"column":24}},"35":{"start":{"line":136,"column":12},"end":{"line":140,"column":13}},"36":{"start":{"line":137,"column":16},"end":{"line":137,"column":44}},"37":{"start":{"line":138,"column":16},"end":{"line":138,"column":108}},"38":{"start":{"line":139,"column":16},"end":{"line":139,"column":29}},"39":{"start":{"line":142,"column":12},"end":{"line":145,"column":13}},"40":{"start":{"line":143,"column":16},"end":{"line":143,"column":45}},"41":{"start":{"line":144,"column":16},"end":{"line":144,"column":29}},"42":{"start":{"line":147,"column":12},"end":{"line":147,"column":33}},"43":{"start":{"line":152,"column":8},"end":{"line":152,"column":27}},"44":{"start":{"line":153,"column":8},"end":{"line":153,"column":52}},"45":{"start":{"line":157,"column":21},"end":{"line":157,"column":30}},"46":{"start":{"line":158,"column":8},"end":{"line":162,"column":10}},"47":{"start":{"line":159,"column":12},"end":{"line":159,"column":24}},"48":{"start":{"line":161,"column":12},"end":{"line":161,"column":25}},"49":{"start":{"line":166,"column":21},"end":{"line":166,"column":30}},"50":{"start":{"line":167,"column":8},"end":{"line":177,"column":11}},"51":{"start":{"line":169,"column":25},"end":{"line":169,"column":44}},"52":{"start":{"line":170,"column":12},"end":{"line":170,"column":32}},"53":{"start":{"line":171,"column":12},"end":{"line":171,"column":56}},"54":{"start":{"line":174,"column":30},"end":{"line":174,"column":40}},"55":{"start":{"line":175,"column":33},"end":{"line":175,"column":46}},"56":{"start":{"line":176,"column":12},"end":{"line":176,"column":116}},"57":{"start":{"line":180,"column":12},"end":{"line":199,"column":5}},"58":{"start":{"line":181,"column":8},"end":{"line":198,"column":9}},"59":{"start":{"line":182,"column":27},"end":{"line":192,"column":14}},"60":{"start":{"line":193,"column":12},"end":{"line":193,"column":79}},"61":{"start":{"line":194,"column":12},"end":{"line":194,"column":24}},"62":{"start":{"line":196,"column":12},"end":{"line":196,"column":56}},"63":{"start":{"line":197,"column":12},"end":{"line":197,"column":25}},"64":{"start":{"line":201,"column":11},"end":{"line":216,"column":5}},"65":{"start":{"line":202,"column":21},"end":{"line":202,"column":44}},"66":{"start":{"line":203,"column":22},"end":{"line":203,"column":42}},"67":{"start":{"line":205,"column":8},"end":{"line":215,"column":9}},"68":{"start":{"line":206,"column":12},"end":{"line":206,"column":53}},"69":{"start":{"line":207,"column":12},"end":{"line":207,"column":47}},"70":{"start":{"line":208,"column":12},"end":{"line":208,"column":65}},"71":{"start":{"line":209,"column":12},"end":{"line":209,"column":55}},"72":{"start":{"line":210,"column":12},"end":{"line":210,"column":49}},"73":{"start":{"line":211,"column":12},"end":{"line":211,"column":65}},"74":{"start":{"line":212,"column":12},"end":{"line":212,"column":53}},"75":{"start":{"line":213,"column":12},"end":{"line":213,"column":61}},"76":{"start":{"line":214,"column":12},"end":{"line":214,"column":57}}},"fnMap":{"0":{"name":"(anonymous_0)","decl":{"start":{"line":26,"column":4},"end":{"line":26,"column":5}},"loc":{"start":{"line":26,"column":23},"end":{"line":29,"column":5}},"line":26},"1":{"name":"(anonymous_1)","decl":{"start":{"line":31,"column":4},"end":{"line":31,"column":5}},"loc":{"start":{"line":31,"column":18},"end":{"line":33,"column":5}},"line":31},"2":{"name":"(anonymous_2)","decl":{"start":{"line":35,"column":4},"end":{"line":35,"column":5}},"loc":{"start":{"line":35,"column":20},"end":{"line":37,"column":5}},"line":35},"3":{"name":"(anonymous_3)","decl":{"start":{"line":39,"column":4},"end":{"line":39,"column":5}},"loc":{"start":{"line":39,"column":14},"end":{"line":41,"column":5}},"line":39},"4":{"name":"(anonymous_4)","decl":{"start":{"line":43,"column":4},"end":{"line":43,"column":5}},"loc":{"start":{"line":43,"column":12},"end":{"line":45,"column":5}},"line":43},"5":{"name":"(anonymous_5)","decl":{"start":{"line":47,"column":4},"end":{"line":47,"column":5}},"loc":{"start":{"line":47,"column":21},"end":{"line":49,"column":5}},"line":47},"6":{"name":"(anonymous_6)","decl":{"start":{"line":51,"column":4},"end":{"line":51,"column":5}},"loc":{"start":{"line":51,"column":17},"end":{"line":53,"column":5}},"line":51},"7":{"name":"(anonymous_7)","decl":{"start":{"line":55,"column":4},"end":{"line":55,"column":5}},"loc":{"start":{"line":55,"column":19},"end":{"line":57,"column":5}},"line":55},"8":{"name":"(anonymous_8)","decl":{"start":{"line":59,"column":4},"end":{"line":59,"column":5}},"loc":{"start":{"line":59,"column":14},"end":{"line":61,"column":5}},"line":59},"9":{"name":"(anonymous_9)","decl":{"start":{"line":63,"column":4},"end":{"line":63,"column":5}},"loc":{"start":{"line":63,"column":27},"end":{"line":65,"column":5}},"line":63},"10":{"name":"(anonymous_10)","decl":{"start":{"line":67,"column":4},"end":{"line":67,"column":5}},"loc":{"start":{"line":67,"column":23},"end":{"line":69,"column":5}},"line":67},"11":{"name":"(anonymous_11)","decl":{"start":{"line":71,"column":4},"end":{"line":71,"column":5}},"loc":{"start":{"line":71,"column":22},"end":{"line":73,"column":5}},"line":71},"12":{"name":"(anonymous_12)","decl":{"start":{"line":75,"column":4},"end":{"line":75,"column":5}},"loc":{"start":{"line":75,"column":18},"end":{"line":77,"column":5}},"line":75},"13":{"name":"(anonymous_13)","decl":{"start":{"line":79,"column":4},"end":{"line":79,"column":5}},"loc":{"start":{"line":79,"column":21},"end":{"line":81,"column":5}},"line":79},"14":{"name":"(anonymous_14)","decl":{"start":{"line":83,"column":4},"end":{"line":83,"column":5}},"loc":{"start":{"line":83,"column":15},"end":{"line":85,"column":5}},"line":83},"15":{"name":"(anonymous_15)","decl":{"start":{"line":87,"column":4},"end":{"line":87,"column":5}},"loc":{"start":{"line":87,"column":27},"end":{"line":89,"column":5}},"line":87},"16":{"name":"(anonymous_16)","decl":{"start":{"line":91,"column":4},"end":{"line":91,"column":5}},"loc":{"start":{"line":91,"column":23},"end":{"line":93,"column":5}},"line":91},"17":{"name":"(anonymous_17)","decl":{"start":{"line":95,"column":4},"end":{"line":95,"column":5}},"loc":{"start":{"line":95,"column":21},"end":{"line":97,"column":5}},"line":95},"18":{"name":"(anonymous_18)","decl":{"start":{"line":99,"column":4},"end":{"line":99,"column":5}},"loc":{"start":{"line":99,"column":17},"end":{"line":101,"column":5}},"line":99},"19":{"name":"(anonymous_19)","decl":{"start":{"line":103,"column":4},"end":{"line":103,"column":5}},"loc":{"start":{"line":103,"column":28},"end":{"line":105,"column":5}},"line":103},"20":{"name":"(anonymous_20)","decl":{"start":{"line":107,"column":4},"end":{"line":107,"column":5}},"loc":{"start":{"line":107,"column":21},"end":{"line":109,"column":5}},"line":107},"21":{"name":"(anonymous_21)","decl":{"start":{"line":111,"column":4},"end":{"line":111,"column":5}},"loc":{"start":{"line":111,"column":25},"end":{"line":113,"column":5}},"line":111},"22":{"name":"(anonymous_22)","decl":{"start":{"line":115,"column":4},"end":{"line":115,"column":5}},"loc":{"start":{"line":115,"column":17},"end":{"line":117,"column":5}},"line":115},"23":{"name":"(anonymous_23)","decl":{"start":{"line":119,"column":4},"end":{"line":119,"column":5}},"loc":{"start":{"line":119,"column":25},"end":{"line":121,"column":5}},"line":119},"24":{"name":"(anonymous_24)","decl":{"start":{"line":123,"column":4},"end":{"line":123,"column":5}},"loc":{"start":{"line":123,"column":19},"end":{"line":125,"column":5}},"line":123},"25":{"name":"(anonymous_25)","decl":{"start":{"line":127,"column":4},"end":{"line":127,"column":5}},"loc":{"start":{"line":127,"column":24},"end":{"line":149,"column":5}},"line":127},"26":{"name":"(anonymous_26)","decl":{"start":{"line":130,"column":14},"end":{"line":130,"column":15}},"loc":{"start":{"line":130,"column":34},"end":{"line":134,"column":9}},"line":130},"27":{"name":"(anonymous_27)","decl":{"start":{"line":135,"column":15},"end":{"line":135,"column":16}},"loc":{"start":{"line":135,"column":24},"end":{"line":148,"column":9}},"line":135},"28":{"name":"(anonymous_28)","decl":{"start":{"line":151,"column":4},"end":{"line":151,"column":5}},"loc":{"start":{"line":151,"column":36},"end":{"line":154,"column":5}},"line":151},"29":{"name":"(anonymous_29)","decl":{"start":{"line":156,"column":4},"end":{"line":156,"column":5}},"loc":{"start":{"line":156,"column":13},"end":{"line":163,"column":5}},"line":156},"30":{"name":"(anonymous_30)","decl":{"start":{"line":158,"column":27},"end":{"line":158,"column":28}},"loc":{"start":{"line":158,"column":33},"end":{"line":160,"column":9}},"line":158},"31":{"name":"(anonymous_31)","decl":{"start":{"line":160,"column":17},"end":{"line":160,"column":18}},"loc":{"start":{"line":160,"column":28},"end":{"line":162,"column":9}},"line":160},"32":{"name":"(anonymous_32)","decl":{"start":{"line":165,"column":4},"end":{"line":165,"column":5}},"loc":{"start":{"line":165,"column":39},"end":{"line":178,"column":5}},"line":165},"33":{"name":"(anonymous_33)","decl":{"start":{"line":168,"column":14},"end":{"line":168,"column":15}},"loc":{"start":{"line":168,"column":34},"end":{"line":172,"column":9}},"line":168},"34":{"name":"(anonymous_34)","decl":{"start":{"line":173,"column":15},"end":{"line":173,"column":16}},"loc":{"start":{"line":173,"column":26},"end":{"line":177,"column":9}},"line":173},"35":{"name":"(anonymous_35)","decl":{"start":{"line":180,"column":12},"end":{"line":180,"column":13}},"loc":{"start":{"line":180,"column":24},"end":{"line":199,"column":5}},"line":180},"36":{"name":"(anonymous_36)","decl":{"start":{"line":201,"column":11},"end":{"line":201,"column":12}},"loc":{"start":{"line":201,"column":25},"end":{"line":216,"column":5}},"line":201}},"branchMap":{"0":{"loc":{"start":{"line":136,"column":12},"end":{"line":140,"column":13}},"type":"if","locations":[{"start":{"line":136,"column":12},"end":{"line":140,"column":13}},{"start":{},"end":{}}],"line":136},"1":{"loc":{"start":{"line":142,"column":12},"end":{"line":145,"column":13}},"type":"if","locations":[{"start":{"line":142,"column":12},"end":{"line":145,"column":13}},{"start":{},"end":{}}],"line":142},"2":{"loc":{"start":{"line":205,"column":8},"end":{"line":215,"column":9}},"type":"if","locations":[{"start":{"line":205,"column":8},"end":{"line":215,"column":9}},{"start":{},"end":{}}],"line":205}},"s":{"0":3,"1":3,"2":3,"3":3,"4":0,"5":0,"6":0,"7":0,"8":0,"9":0,"10":3,"11":2,"12":2,"13":1,"14":1,"15":1,"16":2,"17":1,"18":2,"19":1,"20":2,"21":1,"22":2,"23":1,"24":2,"25":1,"26":4,"27":3,"28":2,"29":0,"30":0,"31":0,"32":0,"33":0,"34":0,"35":0,"36":0,"37":0,"38":0,"39":0,"40":0,"41":0,"42":0,"43":0,"44":0,"45":0,"46":0,"47":0,"48":0,"49":0,"50":0,"51":0,"52":0,"53":0,"54":0,"55":0,"56":0,"57":3,"58":0,"59":0,"60":0,"61":0,"62":0,"63":0,"64":3,"65":0,"66":0,"67":0,"68":0,"69":0,"70":0,"71":0,"72":0,"73":0,"74":0,"75":0,"76":0},"f":{"0":0,"1":0,"2":0,"3":0,"4":0,"5":3,"6":2,"7":2,"8":1,"9":1,"10":1,"11":2,"12":1,"13":2,"14":1,"15":2,"16":1,"17":2,"18":1,"19":2,"20":1,"21":4,"22":3,"23":2,"24":0,"25":0,"26":0,"27":0,"28":0,"29":0,"30":0,"31":0,"32":0,"33":0,"34":0,"35":0,"36":0},"b":{"0":[0,0],"1":[0,0],"2":[0,0]},"_coverageSchema":"1a1c01bbd47fc00a2c39e90264f33305004495a9","hash":"6a0da178305a15ff76c52e61e511c2319d70caaa"}
}
